Build started 18-Dec-15 16:52:50.
     1>Project "C:\Users\fluf9\OneDrive\Документи\Visual Studio 2015\Projects\BeatDown\BeatDown\BeatDown.vcxproj" on node 2 (Build target(s)).
     1>ClCompile:
         C:\Program Files (x86)\Microsoft Visual Studio 14.0\VC\bin\CL.exe /c /ZI /nologo /W3 /WX- /sdl /Od /Oy- /D _MBCS /Gm /EHsc /RTC1 /MDd /GS /fp:precise /Zc:wchar_t /Zc:forScope /Zc:inline /Fo"Debug\\" /Fd"Debug\vc140.pdb" /FR"Debug\\" /Gd /TP /analyze- /errorReport:prompt cBeat.cpp cBeatMGR.cpp cBkGround.cpp cButton.cpp cFont.cpp cFontMgr.cpp cHitsoundMGR.cpp cInputMgr.cpp cPlayer.cpp cSprite.cpp cTexture.cpp cWNDManager.cpp main.cpp
         cPlayer.cpp
     1>c:\users\fluf9\onedrive\документи\visual studio 2015\projects\beatdown\beatdown\cplayer.cpp(43): warning C4244: 'argument': conversion from 'int' to 'GLfloat', possible loss of data
     1>c:\users\fluf9\onedrive\документи\visual studio 2015\projects\beatdown\beatdown\cplayer.cpp(45): warning C4244: 'argument': conversion from 'int' to 'GLfloat', possible loss of data
     1>c:\users\fluf9\onedrive\документи\visual studio 2015\projects\beatdown\beatdown\cplayer.cpp(47): warning C4244: 'argument': conversion from 'int' to 'GLfloat', possible loss of data
     1>c:\users\fluf9\onedrive\документи\visual studio 2015\projects\beatdown\beatdown\cplayer.cpp(49): warning C4244: 'argument': conversion from 'int' to 'GLfloat', possible loss of data
         cBeatMGR.cpp
     1>c:\users\fluf9\onedrive\документи\visual studio 2015\projects\beatdown\beatdown\osufileparser.h(13): warning C4244: '=': conversion from 'float' to 'int', possible loss of data
     1>c:\users\fluf9\onedrive\документи\visual studio 2015\projects\beatdown\beatdown\osufileparser.h(40): warning C4129: ':': unrecognized character escape sequence
     1>c:\users\fluf9\onedrive\документи\visual studio 2015\projects\beatdown\beatdown\osufileparser.h(43): warning C4129: ':': unrecognized character escape sequence
     1>c:\users\fluf9\onedrive\документи\visual studio 2015\projects\beatdown\beatdown\osufileparser.h(101): warning C4129: '/': unrecognized character escape sequence
     1>c:\users\fluf9\onedrive\документи\visual studio 2015\projects\beatdown\beatdown\osufileparser.h(131): warning C4091: 'static ': ignored on left of 'OsuFileParser' when no variable is declared
     1>c:\users\fluf9\onedrive\документи\visual studio 2015\projects\beatdown\beatdown\osufileparser.h(69): warning C4244: 'argument': conversion from 'int' to 'float', possible loss of data
     1>c:\users\fluf9\onedrive\документи\visual studio 2015\projects\beatdown\beatdown\cbeatmgr.cpp(27): warning C4018: '<': signed/unsigned mismatch
     1>c:\users\fluf9\onedrive\документи\visual studio 2015\projects\beatdown\beatdown\cbeatmgr.cpp(29): warning C4244: 'initializing': conversion from 'float' to 'int', possible loss of data
     1>c:\users\fluf9\onedrive\документи\visual studio 2015\projects\beatdown\beatdown\cbeatmgr.cpp(45): warning C4018: '<': signed/unsigned mismatch
     1>c:\users\fluf9\onedrive\документи\visual studio 2015\projects\beatdown\beatdown\cbeatmgr.cpp(49): warning C4244: 'return': conversion from 'double' to 'float', possible loss of data
     1>c:\users\fluf9\onedrive\документи\visual studio 2015\projects\beatdown\beatdown\cbeatmgr.cpp(51): warning C4244: 'return': conversion from 'double' to 'float', possible loss of data
     1>c:\users\fluf9\onedrive\документи\visual studio 2015\projects\beatdown\beatdown\cbeatmgr.cpp(68): warning C4244: 'argument': conversion from 'float' to 'int', possible loss of data
         cBeat.cpp
     1>c:\users\fluf9\onedrive\документи\visual studio 2015\projects\beatdown\beatdown\cbeat.cpp(12): warning C4244: '=': conversion from 'int' to 'float', possible loss of data
     1>c:\users\fluf9\onedrive\документи\visual studio 2015\projects\beatdown\beatdown\cbeat.cpp(17): warning C4244: 'argument': conversion from 'const float' to 'int', possible loss of data
     1>c:\users\fluf9\onedrive\документи\visual studio 2015\projects\beatdown\beatdown\cbeat.cpp(35): warning C4244: 'argument': conversion from 'int' to 'GLfloat', possible loss of data
     1>c:\users\fluf9\onedrive\документи\visual studio 2015\projects\beatdown\beatdown\cbeat.cpp(37): warning C4244: 'argument': conversion from 'int' to 'GLfloat', possible loss of data
     1>c:\users\fluf9\onedrive\документи\visual studio 2015\projects\beatdown\beatdown\cbeat.cpp(39): warning C4244: 'argument': conversion from 'int' to 'GLfloat', possible loss of data
     1>c:\users\fluf9\onedrive\документи\visual studio 2015\projects\beatdown\beatdown\cbeat.cpp(41): warning C4244: 'argument': conversion from 'int' to 'GLfloat', possible loss of data
     1>c:\users\fluf9\onedrive\документи\visual studio 2015\projects\beatdown\beatdown\cbeat.cpp(64): warning C4244: 'initializing': conversion from 'float' to 'int', possible loss of data
     1>c:\users\fluf9\onedrive\документи\visual studio 2015\projects\beatdown\beatdown\cbeat.cpp(65): warning C4244: 'initializing': conversion from 'float' to 'int', possible loss of data
     1>c:\users\fluf9\onedrive\документи\visual studio 2015\projects\beatdown\beatdown\cbeat.cpp(66): warning C4244: 'initializing': conversion from 'float' to 'int', possible loss of data
     1>c:\users\fluf9\onedrive\документи\visual studio 2015\projects\beatdown\beatdown\cbeat.cpp(67): warning C4244: 'initializing': conversion from 'float' to 'int', possible loss of data
         Generating Code...
         Compiling...
         main.cpp
     1>c:\users\fluf9\onedrive\документи\visual studio 2015\projects\beatdown\beatdown\osufileparser.h(13): warning C4244: '=': conversion from 'float' to 'int', possible loss of data
     1>c:\users\fluf9\onedrive\документи\visual studio 2015\projects\beatdown\beatdown\osufileparser.h(40): warning C4129: ':': unrecognized character escape sequence
     1>c:\users\fluf9\onedrive\документи\visual studio 2015\projects\beatdown\beatdown\osufileparser.h(43): warning C4129: ':': unrecognized character escape sequence
     1>c:\users\fluf9\onedrive\документи\visual studio 2015\projects\beatdown\beatdown\osufileparser.h(101): warning C4129: '/': unrecognized character escape sequence
     1>c:\users\fluf9\onedrive\документи\visual studio 2015\projects\beatdown\beatdown\osufileparser.h(131): warning C4091: 'static ': ignored on left of 'OsuFileParser' when no variable is declared
     1>c:\users\fluf9\onedrive\документи\visual studio 2015\projects\beatdown\beatdown\osufileparser.h(69): warning C4244: 'argument': conversion from 'int' to 'float', possible loss of data
     1>c:\users\fluf9\onedrive\документи\visual studio 2015\projects\beatdown\beatdown\main.cpp(131): warning C4018: '<': signed/unsigned mismatch
     1>c:\users\fluf9\onedrive\документи\visual studio 2015\projects\beatdown\beatdown\main.cpp(149): warning C4018: '<': signed/unsigned mismatch
         cWNDManager.cpp
         cTexture.cpp
         cSprite.cpp
     1>c:\users\fluf9\onedrive\документи\visual studio 2015\projects\beatdown\beatdown\csprite.cpp(106): warning C4244: '=': conversion from 'int' to 'float', possible loss of data
     1>c:\users\fluf9\onedrive\документи\visual studio 2015\projects\beatdown\beatdown\csprite.cpp(107): warning C4244: '=': conversion from 'int' to 'float', possible loss of data
     1>c:\users\fluf9\onedrive\документи\visual studio 2015\projects\beatdown\beatdown\csprite.cpp(180): warning C4244: 'argument': conversion from 'int' to 'GLfloat', possible loss of data
     1>c:\users\fluf9\onedrive\документи\visual studio 2015\projects\beatdown\beatdown\csprite.cpp(182): warning C4244: 'argument': conversion from 'int' to 'GLfloat', possible loss of data
     1>c:\users\fluf9\onedrive\документи\visual studio 2015\projects\beatdown\beatdown\csprite.cpp(184): warning C4244: 'argument': conversion from 'int' to 'GLfloat', possible loss of data
     1>c:\users\fluf9\onedrive\документи\visual studio 2015\projects\beatdown\beatdown\csprite.cpp(206): warning C4244: '=': conversion from 'int' to 'float', possible loss of data
     1>c:\users\fluf9\onedrive\документи\visual studio 2015\projects\beatdown\beatdown\csprite.cpp(281): warning C4244: 'argument': conversion from 'LONG' to 'GLfloat', possible loss of data
     1>c:\users\fluf9\onedrive\документи\visual studio 2015\projects\beatdown\beatdown\csprite.cpp(292): warning C4244: 'argument': conversion from 'LONG' to 'GLfloat', possible loss of data
     1>c:\users\fluf9\onedrive\документи\visual studio 2015\projects\beatdown\beatdown\csprite.cpp(293): warning C4244: 'argument': conversion from 'LONG' to 'GLfloat', possible loss of data
     1>c:\users\fluf9\onedrive\документи\visual studio 2015\projects\beatdown\beatdown\csprite.cpp(294): warning C4244: 'argument': conversion from 'LONG' to 'GLfloat', possible loss of data
     1>c:\users\fluf9\onedrive\документи\visual studio 2015\projects\beatdown\beatdown\csprite.cpp(295): warning C4244: 'argument': conversion from 'LONG' to 'GLfloat', possible loss of data
         cInputMgr.cpp
         cHitsoundMGR.cpp
         cFontMgr.cpp
         cFont.cpp
     1>c:\users\fluf9\onedrive\документи\visual studio 2015\projects\beatdown\beatdown\cfont.cpp(70): warning C4244: 'initializing': conversion from 'FTGL_DOUBLE' to 'float', possible loss of data
     1>c:\users\fluf9\onedrive\документи\visual studio 2015\projects\beatdown\beatdown\cfont.cpp(71): warning C4244: 'initializing': conversion from 'FTGL_DOUBLE' to 'float', possible loss of data
     1>c:\users\fluf9\onedrive\документи\visual studio 2015\projects\beatdown\beatdown\cfont.cpp(74): warning C4244: 'argument': conversion from 'FTGL_DOUBLE' to 'GLfloat', possible loss of data
     1>c:\users\fluf9\onedrive\документи\visual studio 2015\projects\beatdown\beatdown\cfont.cpp(85): warning C4244: 'initializing': conversion from 'FTGL_DOUBLE' to 'float', possible loss of data
     1>c:\users\fluf9\onedrive\документи\visual studio 2015\projects\beatdown\beatdown\cfont.cpp(86): warning C4244: 'initializing': conversion from 'FTGL_DOUBLE' to 'float', possible loss of data
     1>c:\users\fluf9\onedrive\документи\visual studio 2015\projects\beatdown\beatdown\cfont.cpp(88): warning C4244: 'initializing': conversion from 'FTGL_DOUBLE' to 'float', possible loss of data
     1>c:\users\fluf9\onedrive\документи\visual studio 2015\projects\beatdown\beatdown\cfont.cpp(89): warning C4244: 'initializing': conversion from 'FTGL_DOUBLE' to 'float', possible loss of data
     1>c:\users\fluf9\onedrive\документи\visual studio 2015\projects\beatdown\beatdown\cfont.cpp(91): warning C4244: 'argument': conversion from 'FTGL_DOUBLE' to 'GLfloat', possible loss of data
         cButton.cpp
     1>c:\users\fluf9\onedrive\документи\visual studio 2015\projects\beatdown\beatdown\cbutton.cpp(54): warning C4244: 'argument': conversion from 'int' to 'GLfloat', possible loss of data
     1>c:\users\fluf9\onedrive\документи\visual studio 2015\projects\beatdown\beatdown\cbutton.cpp(56): warning C4244: 'argument': conversion from 'int' to 'GLfloat', possible loss of data
     1>c:\users\fluf9\onedrive\документи\visual studio 2015\projects\beatdown\beatdown\cbutton.cpp(58): warning C4244: 'argument': conversion from 'int' to 'GLfloat', possible loss of data
     1>c:\users\fluf9\onedrive\документи\visual studio 2015\projects\beatdown\beatdown\cbutton.cpp(82): warning C4244: '=': conversion from 'int' to 'float', possible loss of data
     1>c:\users\fluf9\onedrive\документи\visual studio 2015\projects\beatdown\beatdown\cbutton.cpp(83): warning C4244: '=': conversion from 'int' to 'float', possible loss of data
         cBkGround.cpp
     1>c:\users\fluf9\onedrive\документи\visual studio 2015\projects\beatdown\beatdown\cbkground.cpp(19): warning C4244: 'argument': conversion from 'float' to 'int', possible loss of data
     1>c:\users\fluf9\onedrive\документи\visual studio 2015\projects\beatdown\beatdown\cbkground.cpp(26): warning C4244: 'argument': conversion from 'float' to 'int', possible loss of data
         Generating Code...
       Link:
         C:\Program Files (x86)\Microsoft Visual Studio 14.0\VC\bin\link.exe /ERRORREPORT:PROMPT /OUT:"C:\Users\fluf9\OneDrive\Документи\Visual Studio 2015\Projects\BeatDown\Debug\BeatDown.exe" /INCREMENTAL /NOLOGO kernel32.lib user32.lib gdi32.lib winspool.lib comdlg32.lib advapi32.lib shell32.lib ole32.lib oleaut32.lib uuid.lib odbc32.lib odbccp32.lib /MANIFEST /MANIFESTUAC:"level='asInvoker' uiAccess='false'" /manifest:embed /Debug /PDB:"C:\Users\fluf9\OneDrive\Документи\Visual Studio 2015\Projects\BeatDown\Debug\BeatDown.pdb" /TLBID:1 /DYNAMICBASE /NXCOMPAT /IMPLIB:"C:\Users\fluf9\OneDrive\Документи\Visual Studio 2015\Projects\BeatDown\Debug\BeatDown.lib" /MACHINE:X86 Debug\cBeat.obj
         Debug\cBeatMGR.obj
         Debug\cBkGround.obj
         Debug\cButton.obj
         Debug\cFont.obj
         Debug\cFontMgr.obj
         Debug\cHitsoundMGR.obj
         Debug\cInputMgr.obj
         Debug\cPlayer.obj
         Debug\cSprite.obj
         Debug\cTexture.obj
         Debug\cWNDManager.obj
         Debug\main.obj
         Debug\Mp3.obj
         Debug\stdafx.obj
         Debug\windowOGL.obj
         DevIL.lib
         freeglut.lib
         ILU.lib
         ILUT.lib
         LibMP3DLL.lib
         Libraries\ftgl.lib
         BeatDown.vcxproj -> C:\Users\fluf9\OneDrive\Документи\Visual Studio 2015\Projects\BeatDown\Debug\BeatDown.exe
       BscMake:
         C:\Program Files (x86)\Microsoft Visual Studio 14.0\VC\bin\bscmake.exe /nologo /o"C:\Users\fluf9\OneDrive\Документи\Visual Studio 2015\Projects\BeatDown\Debug\BeatDown.bsc" /n Debug\cBeat.sbr Debug\cBeatMGR.sbr Debug\cBkGround.sbr Debug\cButton.sbr Debug\cFont.sbr Debug\cFontMgr.sbr Debug\cHitsoundMGR.sbr Debug\cInputMgr.sbr Debug\cPlayer.sbr Debug\cSprite.sbr Debug\cTexture.sbr Debug\cWNDManager.sbr Debug\main.sbr Debug\Mp3.sbr Debug\stdafx.sbr Debug\windowOGL.sbr
     1>Done Building Project "C:\Users\fluf9\OneDrive\Документи\Visual Studio 2015\Projects\BeatDown\BeatDown\BeatDown.vcxproj" (Build target(s)).

Build succeeded.

Time Elapsed 00:00:20.98
