c:\users\fluf9\onedrive\документи\visual studio 2015\projects\beatdown\beatdown\debug\vc140.pdb
c:\users\fluf9\onedrive\документи\visual studio 2015\projects\beatdown\beatdown\debug\vc140.idb
c:\users\fluf9\onedrive\документи\visual studio 2015\projects\beatdown\beatdown\debug\asteroidsgame.obj
c:\users\fluf9\onedrive\документи\visual studio 2015\projects\beatdown\beatdown\debug\casteroid.obj
c:\users\fluf9\onedrive\документи\visual studio 2015\projects\beatdown\beatdown\debug\cbkground.obj
c:\users\fluf9\onedrive\документи\visual studio 2015\projects\beatdown\beatdown\debug\cbullet.obj
c:\users\fluf9\onedrive\документи\visual studio 2015\projects\beatdown\beatdown\debug\cinputmgr.obj
c:\users\fluf9\onedrive\документи\visual studio 2015\projects\beatdown\beatdown\debug\crocket.obj
c:\users\fluf9\onedrive\документи\visual studio 2015\projects\beatdown\beatdown\debug\csprite.obj
c:\users\fluf9\onedrive\документи\visual studio 2015\projects\beatdown\beatdown\debug\ctexture.obj
c:\users\fluf9\onedrive\документи\visual studio 2015\projects\beatdown\beatdown\debug\cwndmanager.obj
c:\users\fluf9\onedrive\документи\visual studio 2015\projects\beatdown\beatdown\debug\main.obj
c:\users\fluf9\onedrive\документи\visual studio 2015\projects\beatdown\beatdown\debug\windowogl.obj
c:\users\fluf9\onedrive\документи\visual studio 2015\projects\beatdown\beatdown\debug\cbeat.obj
c:\users\fluf9\onedrive\документи\visual studio 2015\projects\beatdown\beatdown\debug\cbeatmgr.obj
c:\users\fluf9\onedrive\документи\visual studio 2015\projects\beatdown\beatdown\debug\mp3.obj
c:\users\fluf9\onedrive\документи\visual studio 2015\projects\beatdown\beatdown\debug\stdafx.obj
c:\users\fluf9\onedrive\документи\visual studio 2015\projects\beatdown\beatdown\debug\chitsoundmanager.obj
c:\users\fluf9\onedrive\документи\visual studio 2015\projects\beatdown\debug\beatdown.ilk
c:\users\fluf9\onedrive\документи\visual studio 2015\projects\beatdown\debug\beatdown.exe
c:\users\fluf9\onedrive\документи\visual studio 2015\projects\beatdown\debug\beatdown.pdb
c:\users\fluf9\onedrive\документи\visual studio 2015\projects\beatdown\beatdown\debug\beatdown.tlog\cl.command.1.tlog
c:\users\fluf9\onedrive\документи\visual studio 2015\projects\beatdown\beatdown\debug\beatdown.tlog\cl.read.1.tlog
c:\users\fluf9\onedrive\документи\visual studio 2015\projects\beatdown\beatdown\debug\beatdown.tlog\cl.write.1.tlog
c:\users\fluf9\onedrive\документи\visual studio 2015\projects\beatdown\beatdown\debug\beatdown.tlog\link.command.1.tlog
c:\users\fluf9\onedrive\документи\visual studio 2015\projects\beatdown\beatdown\debug\beatdown.tlog\link.read.1.tlog
c:\users\fluf9\onedrive\документи\visual studio 2015\projects\beatdown\beatdown\debug\beatdown.tlog\link.write.1.tlog
